<?xml version="1.0" encoding="UTF-8"?>
<!-- Generated by org.testng.reporters.JUnitReportReporter -->
<testsuite hostname="DESKTOP-S0J7E8Q" failures="0" tests="1" name="Hybrid.RoyalBrotherTest" time="65.204" errors="0" timestamp="2024-10-05T18:23:21 IST" skipped="0">
  <testcase classname="Hybrid.RoyalBrotherTest" name="Royal" time="65.204"/>
</testsuite> <!-- Hybrid.RoyalBrotherTest -->
